<?xml version="1.0" encoding="UTF-8"?>
<!-- Generated by org.testng.reporters.JUnitXMLReporter -->
<testsuite hostname="PUN-ZKHAN01" ignored="0" name="Default test" tests="9" failures="0" timestamp="2020-04-27T08:23:03 IST" time="33.579" errors="0">
  <testcase name="testAddNewPet" time="3.86" classname="io.swagger.pet.Test.SmokeTest"/>
  <testcase name="testDeleteById" time="4.394" classname="io.swagger.pet.Test.SmokeTest"/>
  <testcase name="testFindById" time="3.834" classname="io.swagger.pet.Test.SmokeTest"/>
  <testcase name="testFindByStatus" time="1.925" classname="io.swagger.pet.Test.SmokeTest"/>
  <testcase name="testUpdatePet" time="3.767" classname="io.swagger.pet.Test.SmokeTest"/>
  <testcase name="testUploadImage" time="4.179" classname="io.swagger.pet.Test.SmokeTest"/>
  <testcase name="updateName" time="3.881" classname="io.swagger.pet.Test.SmokeTest"/>
  <testcase name="updateNameAndStatus" time="3.839" classname="io.swagger.pet.Test.SmokeTest"/>
  <testcase name="updateStatus" time="3.841" classname="io.swagger.pet.Test.SmokeTest"/>
</testsuite> <!-- Default test -->
